mode: set
api/main.go:15.13,21.2 2 0
api/main.go:23.25,29.48 3 1
api/main.go:118.2,118.12 1 1
api/main.go:29.48,43.48 4 1
api/main.go:49.3,49.68 1 1
api/main.go:116.3,116.13 1 1
api/main.go:43.48,47.4 1 0
api/main.go:49.68,59.4 6 1
api/main.go:59.9,59.74 1 1
api/main.go:59.74,70.4 6 1
api/main.go:70.9,70.75 1 1
api/main.go:70.75,81.4 6 1
api/main.go:81.9,81.75 1 1
api/main.go:81.75,92.4 6 1
api/main.go:92.9,92.74 1 1
api/main.go:92.74,103.4 6 1
api/main.go:103.9,103.75 1 1
api/main.go:103.75,114.4 6 1
api/main.go:121.41,125.26 2 0
api/main.go:138.2,138.15 1 0
api/main.go:125.26,129.22 2 0
api/main.go:135.3,135.25 1 0
api/main.go:129.22,130.37 1 0
api/main.go:130.37,132.5 1 0
api/main.go:141.40,145.26 2 1
api/main.go:156.2,156.15 1 1
api/main.go:145.26,149.22 2 1
api/main.go:153.3,153.24 1 1
api/main.go:149.22,151.4 1 1
api/main.go:159.41,164.40 3 1
api/main.go:171.2,171.37 1 1
api/main.go:184.2,184.15 1 1
api/main.go:164.40,165.40 1 1
api/main.go:168.3,168.11 1 1
api/main.go:165.40,167.4 1 0
api/main.go:171.37,173.23 1 1
api/main.go:178.3,181.38 3 1
api/main.go:173.23,176.4 2 1
api/main.go:187.41,191.40 3 1
api/main.go:198.2,198.37 1 1
api/main.go:211.2,211.15 1 1
api/main.go:191.40,192.40 1 1
api/main.go:195.3,195.11 1 1
api/main.go:192.40,194.4 1 0
api/main.go:198.37,200.23 1 1
api/main.go:205.3,207.46 3 1
api/main.go:200.23,203.4 2 1
api/main.go:214.40,218.40 3 1
api/main.go:225.2,225.37 1 1
api/main.go:237.2,237.15 1 1
api/main.go:218.40,219.40 1 1
api/main.go:222.3,222.11 1 1
api/main.go:219.40,221.4 1 0
api/main.go:225.37,227.23 1 1
api/main.go:232.3,234.38 3 1
api/main.go:227.23,230.4 2 1
api/main.go:240.41,244.40 3 1
api/main.go:251.2,251.37 1 1
api/main.go:274.2,274.15 1 1
api/main.go:244.40,245.40 1 1
api/main.go:248.3,248.11 1 1
api/main.go:245.40,247.4 1 0
api/main.go:251.37,253.23 1 1
api/main.go:258.3,260.41 3 1
api/main.go:253.23,256.4 2 1
api/main.go:260.41,264.23 2 1
api/main.go:270.4,270.26 1 1
api/main.go:264.23,265.38 1 1
api/main.go:265.38,267.6 1 1
